1680774505402	geckodriver	INFO	Listening on 127.0.0.1:64013
1680774505893	mozrunner::runner	INFO	Running command: MOZ_CRASHREPORTER="1" MOZ_CRASHREPORTER_NO_REPORT="1" MOZ_CRASHREPORTER_SHUTDOWN="1" MOZ_NO_REMOTE="1" "/App ... s" "localhost" "-foreground" "-no-remote" "-profile" "/var/folders/qd/ngmwjyp91v380_fwc4ncwy0r0000gn/T/rust_mozprofile0Nu8Ok"
console.warn: services.settings: Ignoring preference override of remote settings server
console.warn: services.settings: Allow by setting MOZ_REMOTE_SETTINGS_DEVTOOLS=1 in the environment
1680774506261	Marionette	INFO	Marionette enabled
1680774506314	Marionette	INFO	Listening on port 64102
console.error: "Warning: unrecognized command line flag -remote-allow-hosts\n"
WebDriver BiDi listening on ws://127.0.0.1:64014
Read port: 64102
1680774506522	RemoteAgent	WARN	TLS certificate errors will be ignored for this session
UNSUPPORTED (log once): POSSIBLE ISSUE: unit 1 GLD_TEXTURE_INDEX_2D is unloadable and bound to sampler type (Float) - using zero texture because texture unloadable
console.warn: SearchSettings: "get: No settings file exists, new profile?" (new NotFoundError("Could not open the file at /var/folders/qd/ngmwjyp91v380_fwc4ncwy0r0000gn/T/rust_mozprofile0Nu8Ok/search.json.mozlz4", (void 0)))
DevTools listening on ws://127.0.0.1:64014/devtools/browser/235d3fdf-6324-46bb-927f-ff158689d585
JavaScript warning: https://www.redditstatic.com/accountmanager/ssoOneTap.bba8089e75056ba87ffe.js, line 1: unreachable code after return statement
console.warn: LoginRecipes: "Falling back to a synchronous message for: https://www.reddit.com."
1680774777698	geckodriver	INFO	Listening on 127.0.0.1:65349
1680774778214	mozrunner::runner	INFO	Running command: MOZ_CRASHREPORTER="1" MOZ_CRASHREPORTER_NO_REPORT="1" MOZ_CRASHREPORTER_SHUTDOWN="1" MOZ_NO_REMOTE="1" "/App ... s" "localhost" "-foreground" "-no-remote" "-profile" "/var/folders/qd/ngmwjyp91v380_fwc4ncwy0r0000gn/T/rust_mozprofileJHDaNk"
console.warn: services.settings: Ignoring preference override of remote settings server
console.warn: services.settings: Allow by setting MOZ_REMOTE_SETTINGS_DEVTOOLS=1 in the environment
1680774778555	Marionette	INFO	Marionette enabled
1680774778719	Marionette	INFO	Listening on port 65364
console.error: "Warning: unrecognized command line flag -remote-allow-hosts\n"
Read port: 65364
WebDriver BiDi listening on ws://127.0.0.1:65350
1680774778778	RemoteAgent	WARN	TLS certificate errors will be ignored for this session
UNSUPPORTED (log once): POSSIBLE ISSUE: unit 1 GLD_TEXTURE_INDEX_2D is unloadable and bound to sampler type (Float) - using zero texture because texture unloadable
console.warn: SearchSettings: "get: No settings file exists, new profile?" (new NotFoundError("Could not open the file at /var/folders/qd/ngmwjyp91v380_fwc4ncwy0r0000gn/T/rust_mozprofileJHDaNk/search.json.mozlz4", (void 0)))
DevTools listening on ws://127.0.0.1:65350/devtools/browser/b15f11ac-8584-4480-9107-960e994930b8
JavaScript warning: https://www.redditstatic.com/accountmanager/ssoOneTap.bba8089e75056ba87ffe.js, line 1: unreachable code after return statement
console.warn: LoginRecipes: "Falling back to a synchronous message for: https://www.reddit.com."
1680774850598	geckodriver	INFO	Listening on 127.0.0.1:49379
1680774851113	mozrunner::runner	INFO	Running command: MOZ_CRASHREPORTER="1" MOZ_CRASHREPORTER_NO_REPORT="1" MOZ_CRASHREPORTER_SHUTDOWN="1" MOZ_NO_REMOTE="1" "/App ... s" "localhost" "-foreground" "-no-remote" "-profile" "/var/folders/qd/ngmwjyp91v380_fwc4ncwy0r0000gn/T/rust_mozprofile9l8ejk"
console.warn: services.settings: Ignoring preference override of remote settings server
console.warn: services.settings: Allow by setting MOZ_REMOTE_SETTINGS_DEVTOOLS=1 in the environment
1680774851463	Marionette	INFO	Marionette enabled
1680774851609	Marionette	INFO	Listening on port 49391
console.error: "Warning: unrecognized command line flag -remote-allow-hosts\n"
Read port: 49391
WebDriver BiDi listening on ws://127.0.0.1:49380
1680774851676	RemoteAgent	WARN	TLS certificate errors will be ignored for this session
UNSUPPORTED (log once): POSSIBLE ISSUE: unit 1 GLD_TEXTURE_INDEX_2D is unloadable and bound to sampler type (Float) - using zero texture because texture unloadable
console.warn: SearchSettings: "get: No settings file exists, new profile?" (new NotFoundError("Could not open the file at /var/folders/qd/ngmwjyp91v380_fwc4ncwy0r0000gn/T/rust_mozprofile9l8ejk/search.json.mozlz4", (void 0)))
DevTools listening on ws://127.0.0.1:49380/devtools/browser/18faad52-f819-4778-9a61-1f3d90a1676f
JavaScript warning: https://www.redditstatic.com/accountmanager/ssoOneTap.bba8089e75056ba87ffe.js, line 1: unreachable code after return statement
console.warn: LoginRecipes: "Falling back to a synchronous message for: https://www.reddit.com."
1680775104663	geckodriver	INFO	Listening on 127.0.0.1:50642
1680775105178	mozrunner::runner	INFO	Running command: MOZ_CRASHREPORTER="1" MOZ_CRASHREPORTER_NO_REPORT="1" MOZ_CRASHREPORTER_SHUTDOWN="1" MOZ_NO_REMOTE="1" "/App ... s" "localhost" "-foreground" "-no-remote" "-profile" "/var/folders/qd/ngmwjyp91v380_fwc4ncwy0r0000gn/T/rust_mozprofilee9CpgJ"
console.warn: services.settings: Ignoring preference override of remote settings server
console.warn: services.settings: Allow by setting MOZ_REMOTE_SETTINGS_DEVTOOLS=1 in the environment
1680775105497	Marionette	INFO	Marionette enabled
1680775105551	Marionette	INFO	Listening on port 50654
console.error: "Warning: unrecognized command line flag -remote-allow-hosts\n"
Read port: 50654
WebDriver BiDi listening on ws://127.0.0.1:50643
1680775105706	RemoteAgent	WARN	TLS certificate errors will be ignored for this session
UNSUPPORTED (log once): POSSIBLE ISSUE: unit 1 GLD_TEXTURE_INDEX_2D is unloadable and bound to sampler type (Float) - using zero texture because texture unloadable
console.warn: SearchSettings: "get: No settings file exists, new profile?" (new NotFoundError("Could not open the file at /var/folders/qd/ngmwjyp91v380_fwc4ncwy0r0000gn/T/rust_mozprofilee9CpgJ/search.json.mozlz4", (void 0)))
DevTools listening on ws://127.0.0.1:50643/devtools/browser/d6073fc0-5b9a-4663-a573-f94ff10a3613
JavaScript warning: https://www.redditstatic.com/accountmanager/ssoOneTap.bba8089e75056ba87ffe.js, line 1: unreachable code after return statement
1680775190302	geckodriver	INFO	Listening on 127.0.0.1:51116
1680775190818	mozrunner::runner	INFO	Running command: MOZ_CRASHREPORTER="1" MOZ_CRASHREPORTER_NO_REPORT="1" MOZ_CRASHREPORTER_SHUTDOWN="1" MOZ_NO_REMOTE="1" "/App ... s" "localhost" "-foreground" "-no-remote" "-profile" "/var/folders/qd/ngmwjyp91v380_fwc4ncwy0r0000gn/T/rust_mozprofile8RHYRD"
console.warn: services.settings: Ignoring preference override of remote settings server
console.warn: services.settings: Allow by setting MOZ_REMOTE_SETTINGS_DEVTOOLS=1 in the environment
1680775191186	Marionette	INFO	Marionette enabled
1680775191256	Marionette	INFO	Listening on port 51127
console.error: "Warning: unrecognized command line flag -remote-allow-hosts\n"
Read port: 51127
WebDriver BiDi listening on ws://127.0.0.1:51117
1680775191423	RemoteAgent	WARN	TLS certificate errors will be ignored for this session
UNSUPPORTED (log once): POSSIBLE ISSUE: unit 1 GLD_TEXTURE_INDEX_2D is unloadable and bound to sampler type (Float) - using zero texture because texture unloadable
console.warn: SearchSettings: "get: No settings file exists, new profile?" (new NotFoundError("Could not open the file at /var/folders/qd/ngmwjyp91v380_fwc4ncwy0r0000gn/T/rust_mozprofile8RHYRD/search.json.mozlz4", (void 0)))
DevTools listening on ws://127.0.0.1:51117/devtools/browser/0781b704-312b-422e-8217-fe1e77346c10
JavaScript warning: https://www.redditstatic.com/accountmanager/ssoOneTap.bba8089e75056ba87ffe.js, line 1: unreachable code after return statement
1680775257279	geckodriver	INFO	Listening on 127.0.0.1:51502
1680775257797	mozrunner::runner	INFO	Running command: MOZ_CRASHREPORTER="1" MOZ_CRASHREPORTER_NO_REPORT="1" MOZ_CRASHREPORTER_SHUTDOWN="1" MOZ_NO_REMOTE="1" "/App ... s" "localhost" "-foreground" "-no-remote" "-profile" "/var/folders/qd/ngmwjyp91v380_fwc4ncwy0r0000gn/T/rust_mozprofileThZvth"
console.warn: services.settings: Ignoring preference override of remote settings server
console.warn: services.settings: Allow by setting MOZ_REMOTE_SETTINGS_DEVTOOLS=1 in the environment
1680775258098	Marionette	INFO	Marionette enabled
1680775258236	Marionette	INFO	Listening on port 51513
console.error: "Warning: unrecognized command line flag -remote-allow-hosts\n"
WebDriver BiDi listening on ws://127.0.0.1:51503
Read port: 51513
1680775258401	RemoteAgent	WARN	TLS certificate errors will be ignored for this session
UNSUPPORTED (log once): POSSIBLE ISSUE: unit 1 GLD_TEXTURE_INDEX_2D is unloadable and bound to sampler type (Float) - using zero texture because texture unloadable
console.warn: SearchSettings: "get: No settings file exists, new profile?" (new NotFoundError("Could not open the file at /var/folders/qd/ngmwjyp91v380_fwc4ncwy0r0000gn/T/rust_mozprofileThZvth/search.json.mozlz4", (void 0)))
DevTools listening on ws://127.0.0.1:51503/devtools/browser/5a9e8982-31ae-48ab-85bf-8f08fbb6de41
JavaScript warning: https://www.redditstatic.com/accountmanager/ssoOneTap.bba8089e75056ba87ffe.js, line 1: unreachable code after return statement
1680775346066	geckodriver	INFO	Listening on 127.0.0.1:51963
1680775346582	mozrunner::runner	INFO	Running command: MOZ_CRASHREPORTER="1" MOZ_CRASHREPORTER_NO_REPORT="1" MOZ_CRASHREPORTER_SHUTDOWN="1" MOZ_NO_REMOTE="1" "/App ... s" "localhost" "-foreground" "-no-remote" "-profile" "/var/folders/qd/ngmwjyp91v380_fwc4ncwy0r0000gn/T/rust_mozprofiledakgSQ"
console.warn: services.settings: Ignoring preference override of remote settings server
console.warn: services.settings: Allow by setting MOZ_REMOTE_SETTINGS_DEVTOOLS=1 in the environment
1680775346909	Marionette	INFO	Marionette enabled
1680775346952	Marionette	INFO	Listening on port 51977
console.error: "Warning: unrecognized command line flag -remote-allow-hosts\n"
Read port: 51977
WebDriver BiDi listening on ws://127.0.0.1:51964
1680775347106	RemoteAgent	WARN	TLS certificate errors will be ignored for this session
UNSUPPORTED (log once): POSSIBLE ISSUE: unit 1 GLD_TEXTURE_INDEX_2D is unloadable and bound to sampler type (Float) - using zero texture because texture unloadable
console.warn: SearchSettings: "get: No settings file exists, new profile?" (new NotFoundError("Could not open the file at /var/folders/qd/ngmwjyp91v380_fwc4ncwy0r0000gn/T/rust_mozprofiledakgSQ/search.json.mozlz4", (void 0)))
DevTools listening on ws://127.0.0.1:51964/devtools/browser/872da6e5-0ee5-4865-b677-42497cb72f03
JavaScript error: , line 0: TypeError: NetworkError when attempting to fetch resource.
JavaScript warning: https://www.redditstatic.com/accountmanager/ssoOneTap.bba8089e75056ba87ffe.js, line 1: unreachable code after return statement
1680775374367	geckodriver	INFO	Listening on 127.0.0.1:52172
1680775374883	mozrunner::runner	INFO	Running command: MOZ_CRASHREPORTER="1" MOZ_CRASHREPORTER_NO_REPORT="1" MOZ_CRASHREPORTER_SHUTDOWN="1" MOZ_NO_REMOTE="1" "/App ... s" "localhost" "-foreground" "-no-remote" "-profile" "/var/folders/qd/ngmwjyp91v380_fwc4ncwy0r0000gn/T/rust_mozprofileSEUzIM"
console.warn: services.settings: Ignoring preference override of remote settings server
console.warn: services.settings: Allow by setting MOZ_REMOTE_SETTINGS_DEVTOOLS=1 in the environment
1680775375217	Marionette	INFO	Marionette enabled
1680775375357	Marionette	INFO	Listening on port 52182
console.error: "Warning: unrecognized command line flag -remote-allow-hosts\n"
Read port: 52182
WebDriver BiDi listening on ws://127.0.0.1:52173
1680775375425	RemoteAgent	WARN	TLS certificate errors will be ignored for this session
UNSUPPORTED (log once): POSSIBLE ISSUE: unit 1 GLD_TEXTURE_INDEX_2D is unloadable and bound to sampler type (Float) - using zero texture because texture unloadable
console.warn: SearchSettings: "get: No settings file exists, new profile?" (new NotFoundError("Could not open the file at /var/folders/qd/ngmwjyp91v380_fwc4ncwy0r0000gn/T/rust_mozprofileSEUzIM/search.json.mozlz4", (void 0)))
DevTools listening on ws://127.0.0.1:52173/devtools/browser/5839e8a3-851d-4cba-b14e-e731bbb93f7f
JavaScript warning: https://www.redditstatic.com/accountmanager/ssoOneTap.bba8089e75056ba87ffe.js, line 1: unreachable code after return statement
1680775418911	geckodriver	INFO	Listening on 127.0.0.1:52441
1680775419428	mozrunner::runner	INFO	Running command: MOZ_CRASHREPORTER="1" MOZ_CRASHREPORTER_NO_REPORT="1" MOZ_CRASHREPORTER_SHUTDOWN="1" MOZ_NO_REMOTE="1" "/App ... s" "localhost" "-foreground" "-no-remote" "-profile" "/var/folders/qd/ngmwjyp91v380_fwc4ncwy0r0000gn/T/rust_mozprofileIxBV8K"
console.warn: services.settings: Ignoring preference override of remote settings server
console.warn: services.settings: Allow by setting MOZ_REMOTE_SETTINGS_DEVTOOLS=1 in the environment
1680775419829	Marionette	INFO	Marionette enabled
1680775419870	Marionette	INFO	Listening on port 52455
console.error: "Warning: unrecognized command line flag -remote-allow-hosts\n"
Read port: 52455
WebDriver BiDi listening on ws://127.0.0.1:52442
1680775419977	RemoteAgent	WARN	TLS certificate errors will be ignored for this session
UNSUPPORTED (log once): POSSIBLE ISSUE: unit 1 GLD_TEXTURE_INDEX_2D is unloadable and bound to sampler type (Float) - using zero texture because texture unloadable
console.warn: SearchSettings: "get: No settings file exists, new profile?" (new NotFoundError("Could not open the file at /var/folders/qd/ngmwjyp91v380_fwc4ncwy0r0000gn/T/rust_mozprofileIxBV8K/search.json.mozlz4", (void 0)))
DevTools listening on ws://127.0.0.1:52442/devtools/browser/06d722d4-fa84-4aa9-a17f-b5bf25d9ed82
JavaScript warning: https://www.redditstatic.com/accountmanager/ssoOneTap.bba8089e75056ba87ffe.js, line 1: unreachable code after return statement
console.warn: LoginRecipes: "Falling back to a synchronous message for: https://www.reddit.com."
1680775473552	geckodriver	INFO	Listening on 127.0.0.1:52765
1680775474067	mozrunner::runner	INFO	Running command: MOZ_CRASHREPORTER="1" MOZ_CRASHREPORTER_NO_REPORT="1" MOZ_CRASHREPORTER_SHUTDOWN="1" MOZ_NO_REMOTE="1" "/App ... s" "localhost" "-foreground" "-no-remote" "-profile" "/var/folders/qd/ngmwjyp91v380_fwc4ncwy0r0000gn/T/rust_mozprofileQIRqx4"
console.warn: services.settings: Ignoring preference override of remote settings server
console.warn: services.settings: Allow by setting MOZ_REMOTE_SETTINGS_DEVTOOLS=1 in the environment
1680775474451	Marionette	INFO	Marionette enabled
1680775474492	Marionette	INFO	Listening on port 52775
console.error: "Warning: unrecognized command line flag -remote-allow-hosts\n"
Read port: 52775
WebDriver BiDi listening on ws://127.0.0.1:52766
1680775474609	RemoteAgent	WARN	TLS certificate errors will be ignored for this session
UNSUPPORTED (log once): POSSIBLE ISSUE: unit 1 GLD_TEXTURE_INDEX_2D is unloadable and bound to sampler type (Float) - using zero texture because texture unloadable
console.warn: SearchSettings: "get: No settings file exists, new profile?" (new NotFoundError("Could not open the file at /var/folders/qd/ngmwjyp91v380_fwc4ncwy0r0000gn/T/rust_mozprofileQIRqx4/search.json.mozlz4", (void 0)))
DevTools listening on ws://127.0.0.1:52766/devtools/browser/75790b55-cc77-4295-beb9-63d7065515e9
JavaScript warning: https://www.redditstatic.com/accountmanager/ssoOneTap.bba8089e75056ba87ffe.js, line 1: unreachable code after return statement
console.warn: LoginRecipes: "Falling back to a synchronous message for: https://www.reddit.com."
1680775516639	geckodriver	INFO	Listening on 127.0.0.1:53052
1680775517154	mozrunner::runner	INFO	Running command: MOZ_CRASHREPORTER="1" MOZ_CRASHREPORTER_NO_REPORT="1" MOZ_CRASHREPORTER_SHUTDOWN="1" MOZ_NO_REMOTE="1" "/App ... s" "localhost" "-foreground" "-no-remote" "-profile" "/var/folders/qd/ngmwjyp91v380_fwc4ncwy0r0000gn/T/rust_mozprofileRR3TmB"
console.warn: services.settings: Ignoring preference override of remote settings server
console.warn: services.settings: Allow by setting MOZ_REMOTE_SETTINGS_DEVTOOLS=1 in the environment
1680775517474	Marionette	INFO	Marionette enabled
1680775517635	Marionette	INFO	Listening on port 53067
console.error: "Warning: unrecognized command line flag -remote-allow-hosts\n"
Read port: 53067
WebDriver BiDi listening on ws://127.0.0.1:53053
1680775517702	RemoteAgent	WARN	TLS certificate errors will be ignored for this session
UNSUPPORTED (log once): POSSIBLE ISSUE: unit 1 GLD_TEXTURE_INDEX_2D is unloadable and bound to sampler type (Float) - using zero texture because texture unloadable
console.warn: SearchSettings: "get: No settings file exists, new profile?" (new NotFoundError("Could not open the file at /var/folders/qd/ngmwjyp91v380_fwc4ncwy0r0000gn/T/rust_mozprofileRR3TmB/search.json.mozlz4", (void 0)))
DevTools listening on ws://127.0.0.1:53053/devtools/browser/f33d8962-2306-4076-8e4f-d10d9dc6ecde
console.warn: LoginRecipes: "Falling back to a synchronous message for: https://www.reddit.com."
JavaScript warning: https://www.redditstatic.com/accountmanager/ssoOneTap.bba8089e75056ba87ffe.js, line 1: unreachable code after return statement
JavaScript warning: https://www.redditstatic.com/accountmanager/ssoOneTap.bba8089e75056ba87ffe.js, line 1: unreachable code after return statement
JavaScript warning: https://www.redditstatic.com/accountmanager/ssoOneTap.bba8089e75056ba87ffe.js, line 1: unreachable code after return statement
1680775597816	geckodriver	INFO	Listening on 127.0.0.1:53526
1680775598328	mozrunner::runner	INFO	Running command: MOZ_CRASHREPORTER="1" MOZ_CRASHREPORTER_NO_REPORT="1" MOZ_CRASHREPORTER_SHUTDOWN="1" MOZ_NO_REMOTE="1" "/App ... s" "localhost" "-foreground" "-no-remote" "-profile" "/var/folders/qd/ngmwjyp91v380_fwc4ncwy0r0000gn/T/rust_mozprofileXMujIu"
console.warn: services.settings: Ignoring preference override of remote settings server
console.warn: services.settings: Allow by setting MOZ_REMOTE_SETTINGS_DEVTOOLS=1 in the environment
1680775598673	Marionette	INFO	Marionette enabled
1680775598720	Marionette	INFO	Listening on port 53537
console.error: "Warning: unrecognized command line flag -remote-allow-hosts\n"
Read port: 53537
WebDriver BiDi listening on ws://127.0.0.1:53527
1680775598820	RemoteAgent	WARN	TLS certificate errors will be ignored for this session
UNSUPPORTED (log once): POSSIBLE ISSUE: unit 1 GLD_TEXTURE_INDEX_2D is unloadable and bound to sampler type (Float) - using zero texture because texture unloadable
console.warn: SearchSettings: "get: No settings file exists, new profile?" (new NotFoundError("Could not open the file at /var/folders/qd/ngmwjyp91v380_fwc4ncwy0r0000gn/T/rust_mozprofileXMujIu/search.json.mozlz4", (void 0)))
DevTools listening on ws://127.0.0.1:53527/devtools/browser/0a883711-2f0a-43f6-87b1-83062c11ca58
1680775616503	geckodriver	INFO	Listening on 127.0.0.1:53661
1680775617013	mozrunner::runner	INFO	Running command: MOZ_CRASHREPORTER="1" MOZ_CRASHREPORTER_NO_REPORT="1" MOZ_CRASHREPORTER_SHUTDOWN="1" MOZ_NO_REMOTE="1" "/App ... s" "localhost" "-foreground" "-no-remote" "-profile" "/var/folders/qd/ngmwjyp91v380_fwc4ncwy0r0000gn/T/rust_mozprofilerdYHXY"
console.warn: services.settings: Ignoring preference override of remote settings server
console.warn: services.settings: Allow by setting MOZ_REMOTE_SETTINGS_DEVTOOLS=1 in the environment
1680775617333	Marionette	INFO	Marionette enabled
1680775617375	Marionette	INFO	Listening on port 53675
console.error: "Warning: unrecognized command line flag -remote-allow-hosts\n"
Read port: 53675
WebDriver BiDi listening on ws://127.0.0.1:53662
1680775617489	RemoteAgent	WARN	TLS certificate errors will be ignored for this session
UNSUPPORTED (log once): POSSIBLE ISSUE: unit 1 GLD_TEXTURE_INDEX_2D is unloadable and bound to sampler type (Float) - using zero texture because texture unloadable
console.warn: SearchSettings: "get: No settings file exists, new profile?" (new NotFoundError("Could not open the file at /var/folders/qd/ngmwjyp91v380_fwc4ncwy0r0000gn/T/rust_mozprofilerdYHXY/search.json.mozlz4", (void 0)))
DevTools listening on ws://127.0.0.1:53662/devtools/browser/115c7fe1-fbe2-4f49-8ff1-03bee2b81f5d
JavaScript warning: https://www.redditstatic.com/accountmanager/ssoOneTap.bba8089e75056ba87ffe.js, line 1: unreachable code after return statement
console.warn: LoginRecipes: "Falling back to a synchronous message for: https://www.reddit.com."
1680775697590	geckodriver	INFO	Listening on 127.0.0.1:54128
1680775698104	mozrunner::runner	INFO	Running command: MOZ_CRASHREPORTER="1" MOZ_CRASHREPORTER_NO_REPORT="1" MOZ_CRASHREPORTER_SHUTDOWN="1" MOZ_NO_REMOTE="1" "/App ... s" "localhost" "-foreground" "-no-remote" "-profile" "/var/folders/qd/ngmwjyp91v380_fwc4ncwy0r0000gn/T/rust_mozprofileBiEzqM"
console.warn: services.settings: Ignoring preference override of remote settings server
console.warn: services.settings: Allow by setting MOZ_REMOTE_SETTINGS_DEVTOOLS=1 in the environment
1680775698487	Marionette	INFO	Marionette enabled
1680775698633	Marionette	INFO	Listening on port 54139
console.error: "Warning: unrecognized command line flag -remote-allow-hosts\n"
WebDriver BiDi listening on ws://127.0.0.1:54129
Read port: 54139
1680775698815	RemoteAgent	WARN	TLS certificate errors will be ignored for this session
UNSUPPORTED (log once): POSSIBLE ISSUE: unit 1 GLD_TEXTURE_INDEX_2D is unloadable and bound to sampler type (Float) - using zero texture because texture unloadable
console.warn: SearchSettings: "get: No settings file exists, new profile?" (new NotFoundError("Could not open the file at /var/folders/qd/ngmwjyp91v380_fwc4ncwy0r0000gn/T/rust_mozprofileBiEzqM/search.json.mozlz4", (void 0)))
DevTools listening on ws://127.0.0.1:54129/devtools/browser/e3c5ab36-b5b1-458f-940c-5df1c0ca7590
JavaScript warning: https://www.redditstatic.com/accountmanager/ssoOneTap.bba8089e75056ba87ffe.js, line 1: unreachable code after return statement
1680775725495	geckodriver	INFO	Listening on 127.0.0.1:54332
1680775726012	mozrunner::runner	INFO	Running command: MOZ_CRASHREPORTER="1" MOZ_CRASHREPORTER_NO_REPORT="1" MOZ_CRASHREPORTER_SHUTDOWN="1" MOZ_NO_REMOTE="1" "/App ... s" "localhost" "-foreground" "-no-remote" "-profile" "/var/folders/qd/ngmwjyp91v380_fwc4ncwy0r0000gn/T/rust_mozprofilegyeH61"
console.warn: services.settings: Ignoring preference override of remote settings server
console.warn: services.settings: Allow by setting MOZ_REMOTE_SETTINGS_DEVTOOLS=1 in the environment
1680775726381	Marionette	INFO	Marionette enabled
1680775726421	Marionette	INFO	Listening on port 54346
Read port: 54346
console.error: "Warning: unrecognized command line flag -remote-allow-hosts\n"
WebDriver BiDi listening on ws://127.0.0.1:54333
1680775726526	RemoteAgent	WARN	TLS certificate errors will be ignored for this session
UNSUPPORTED (log once): POSSIBLE ISSUE: unit 1 GLD_TEXTURE_INDEX_2D is unloadable and bound to sampler type (Float) - using zero texture because texture unloadable
console.warn: SearchSettings: "get: No settings file exists, new profile?" (new NotFoundError("Could not open the file at /var/folders/qd/ngmwjyp91v380_fwc4ncwy0r0000gn/T/rust_mozprofilegyeH61/search.json.mozlz4", (void 0)))
DevTools listening on ws://127.0.0.1:54333/devtools/browser/ab37256b-225e-4c7a-94f2-a56f1b0554ea
JavaScript warning: https://www.redditstatic.com/accountmanager/ssoOneTap.bba8089e75056ba87ffe.js, line 1: unreachable code after return statement
console.warn: services.settings: Ignoring preference override of remote settings server
console.warn: services.settings: Allow by setting MOZ_REMOTE_SETTINGS_DEVTOOLS=1 in the environment
console.error: (new TypeError("lazy.AsyncShutdown.profileBeforeChange is undefined", "resource://services-settings/Database.jsm", 603))
1680775763900	geckodriver	INFO	Listening on 127.0.0.1:54576
1680775764416	mozrunner::runner	INFO	Running command: MOZ_CRASHREPORTER="1" MOZ_CRASHREPORTER_NO_REPORT="1" MOZ_CRASHREPORTER_SHUTDOWN="1" MOZ_NO_REMOTE="1" "/App ... s" "localhost" "-foreground" "-no-remote" "-profile" "/var/folders/qd/ngmwjyp91v380_fwc4ncwy0r0000gn/T/rust_mozprofilesINruS"
console.warn: services.settings: Ignoring preference override of remote settings server
console.warn: services.settings: Allow by setting MOZ_REMOTE_SETTINGS_DEVTOOLS=1 in the environment
1680775764777	Marionette	INFO	Marionette enabled
1680775764832	Marionette	INFO	Listening on port 54587
console.error: "Warning: unrecognized command line flag -remote-allow-hosts\n"
WebDriver BiDi listening on ws://127.0.0.1:54577
Read port: 54587
1680775765040	RemoteAgent	WARN	TLS certificate errors will be ignored for this session
UNSUPPORTED (log once): POSSIBLE ISSUE: unit 1 GLD_TEXTURE_INDEX_2D is unloadable and bound to sampler type (Float) - using zero texture because texture unloadable
console.warn: SearchSettings: "get: No settings file exists, new profile?" (new NotFoundError("Could not open the file at /var/folders/qd/ngmwjyp91v380_fwc4ncwy0r0000gn/T/rust_mozprofilesINruS/search.json.mozlz4", (void 0)))
DevTools listening on ws://127.0.0.1:54577/devtools/browser/684d4357-ac1c-4619-b254-6503befa83dd
JavaScript warning: https://www.redditstatic.com/accountmanager/ssoOneTap.bba8089e75056ba87ffe.js, line 1: unreachable code after return statement
1680775815144	geckodriver	INFO	Listening on 127.0.0.1:54894
1680775815653	mozrunner::runner	INFO	Running command: MOZ_CRASHREPORTER="1" MOZ_CRASHREPORTER_NO_REPORT="1" MOZ_CRASHREPORTER_SHUTDOWN="1" MOZ_NO_REMOTE="1" "/App ... s" "localhost" "-foreground" "-no-remote" "-profile" "/var/folders/qd/ngmwjyp91v380_fwc4ncwy0r0000gn/T/rust_mozprofileNNeLGe"
console.warn: services.settings: Ignoring preference override of remote settings server
console.warn: services.settings: Allow by setting MOZ_REMOTE_SETTINGS_DEVTOOLS=1 in the environment
1680775816040	Marionette	INFO	Marionette enabled
1680775816087	Marionette	INFO	Listening on port 54912
console.error: "Warning: unrecognized command line flag -remote-allow-hosts\n"
WebDriver BiDi listening on ws://127.0.0.1:54895
Read port: 54912
1680775816242	RemoteAgent	WARN	TLS certificate errors will be ignored for this session
UNSUPPORTED (log once): POSSIBLE ISSUE: unit 1 GLD_TEXTURE_INDEX_2D is unloadable and bound to sampler type (Float) - using zero texture because texture unloadable
console.warn: SearchSettings: "get: No settings file exists, new profile?" (new NotFoundError("Could not open the file at /var/folders/qd/ngmwjyp91v380_fwc4ncwy0r0000gn/T/rust_mozprofileNNeLGe/search.json.mozlz4", (void 0)))
DevTools listening on ws://127.0.0.1:54895/devtools/browser/f42fba3b-70b9-4cff-9122-93eeb4e35957
console.warn: LoginRecipes: "Falling back to a synchronous message for: https://www.reddit.com."
JavaScript warning: https://www.redditstatic.com/accountmanager/ssoOneTap.bba8089e75056ba87ffe.js, line 1: unreachable code after return statement
1680775861985	geckodriver	INFO	Listening on 127.0.0.1:55205
1680775862499	mozrunner::runner	INFO	Running command: MOZ_CRASHREPORTER="1" MOZ_CRASHREPORTER_NO_REPORT="1" MOZ_CRASHREPORTER_SHUTDOWN="1" MOZ_NO_REMOTE="1" "/App ... s" "localhost" "-foreground" "-no-remote" "-profile" "/var/folders/qd/ngmwjyp91v380_fwc4ncwy0r0000gn/T/rust_mozprofilenhCNpf"
console.warn: services.settings: Ignoring preference override of remote settings server
console.warn: services.settings: Allow by setting MOZ_REMOTE_SETTINGS_DEVTOOLS=1 in the environment
1680775862955	Marionette	INFO	Marionette enabled
1680775863105	Marionette	INFO	Listening on port 55217
Read port: 55217
console.error: "Warning: unrecognized command line flag -remote-allow-hosts\n"
WebDriver BiDi listening on ws://127.0.0.1:55206
1680775863176	RemoteAgent	WARN	TLS certificate errors will be ignored for this session
UNSUPPORTED (log once): POSSIBLE ISSUE: unit 1 GLD_TEXTURE_INDEX_2D is unloadable and bound to sampler type (Float) - using zero texture because texture unloadable
console.warn: SearchSettings: "get: No settings file exists, new profile?" (new NotFoundError("Could not open the file at /var/folders/qd/ngmwjyp91v380_fwc4ncwy0r0000gn/T/rust_mozprofilenhCNpf/search.json.mozlz4", (void 0)))
DevTools listening on ws://127.0.0.1:55206/devtools/browser/d29fe1b4-45cf-48a4-a572-d7590851b52b
console.warn: LoginRecipes: "Falling back to a synchronous message for: https://www.reddit.com."
JavaScript warning: https://www.redditstatic.com/accountmanager/ssoOneTap.bba8089e75056ba87ffe.js, line 1: unreachable code after return statement
1680775899645	geckodriver	INFO	Listening on 127.0.0.1:55472
1680775900161	mozrunner::runner	INFO	Running command: MOZ_CRASHREPORTER="1" MOZ_CRASHREPORTER_NO_REPORT="1" MOZ_CRASHREPORTER_SHUTDOWN="1" MOZ_NO_REMOTE="1" "/App ... s" "localhost" "-foreground" "-no-remote" "-profile" "/var/folders/qd/ngmwjyp91v380_fwc4ncwy0r0000gn/T/rust_mozprofilekAhAKp"
console.warn: services.settings: Ignoring preference override of remote settings server
console.warn: services.settings: Allow by setting MOZ_REMOTE_SETTINGS_DEVTOOLS=1 in the environment
1680775900561	Marionette	INFO	Marionette enabled
1680775900610	Marionette	INFO	Listening on port 55487
console.error: "Warning: unrecognized command line flag -remote-allow-hosts\n"
Read port: 55487
WebDriver BiDi listening on ws://127.0.0.1:55473
1680775900712	RemoteAgent	WARN	TLS certificate errors will be ignored for this session
UNSUPPORTED (log once): POSSIBLE ISSUE: unit 1 GLD_TEXTURE_INDEX_2D is unloadable and bound to sampler type (Float) - using zero texture because texture unloadable
console.warn: SearchSettings: "get: No settings file exists, new profile?" (new NotFoundError("Could not open the file at /var/folders/qd/ngmwjyp91v380_fwc4ncwy0r0000gn/T/rust_mozprofilekAhAKp/search.json.mozlz4", (void 0)))
DevTools listening on ws://127.0.0.1:55473/devtools/browser/e28ff3eb-8762-4767-a095-6e0c87897eb8
console.warn: LoginRecipes: "Falling back to a synchronous message for: https://www.reddit.com."
JavaScript warning: https://www.redditstatic.com/accountmanager/ssoOneTap.bba8089e75056ba87ffe.js, line 1: unreachable code after return statement
console.error: Region.sys.mjs: "Error fetching region" (new Error("TIMEOUT", "resource://gre/modules/Region.sys.mjs", 764))
console.error: Region.sys.mjs: "Failed to fetch region" (new Error("TIMEOUT", "resource://gre/modules/Region.sys.mjs", 416))
console.error: RemoteSecuritySettings.jsm: 
  Failed to download attachment: TypeError: NetworkError: Network request failed
console.error: RemoteSecuritySettings.jsm: 
  Failed to download attachment: TypeError: NetworkError: Network request failed
console.error: RemoteSecuritySettings.jsm: 
  Failed to download attachment: TypeError: NetworkError: Network request failed
console.error: RemoteSecuritySettings.jsm: 
  Failed to download attachment: TypeError: NetworkError: Network request failed
console.error: RemoteSecuritySettings.jsm: 
  Failed to download attachment: TypeError: NetworkError: Network request failed
console.error: RemoteSecuritySettings.jsm: 
  Failed to download attachment: TypeError: NetworkError: Network request failed
console.error: RemoteSecuritySettings.jsm: 
  Failed to download attachment: TypeError: NetworkError: Network request failed
console.error: RemoteSecuritySettings.jsm: 
  Failed to download attachment: TypeError: NetworkError: Network request failed
console.error: RemoteSecuritySettings.jsm: 
  Failed to download attachment: TypeError: NetworkError: Network request failed
console.error: RemoteSecuritySettings.jsm: 
  Failed to download attachment: TypeError: NetworkError: Network request failed
console.error: RemoteSecuritySettings.jsm: 
  Failed to download attachment: TypeError: NetworkError: Network request failed
console.error: RemoteSecuritySettings.jsm: 
  Failed to download attachment: TypeError: NetworkError: Network request failed
console.error: RemoteSecuritySettings.jsm: 
  Failed to download attachment: TypeError: NetworkError: Network request failed
console.error: RemoteSecuritySettings.jsm: 
  Failed to download attachment: TypeError: NetworkError: Network request failed
console.error: RemoteSecuritySettings.jsm: 
  Failed to download attachment: TypeError: NetworkError: Network request failed
console.error: RemoteSecuritySettings.jsm: 
  Failed to download attachment: TypeError: NetworkError: Network request failed
console.error: RemoteSecuritySettings.jsm: 
  Failed to download attachment: TypeError: NetworkError: Network request failed
console.error: RemoteSecuritySettings.jsm: 
  Failed to download attachment: TypeError: NetworkError: Network request failed
console.error: RemoteSecuritySettings.jsm: 
  Failed to download attachment: TypeError: NetworkError: Network request failed
console.error: RemoteSecuritySettings.jsm: 
  Failed to download attachment: TypeError: NetworkError: Network request failed
console.error: WebExtensions: 
  Message: [Exception... "Component returned failure code: 0x80004005 (NS_ERROR_FAILURE) [nsIPropertyBag.getProperty]"  nsresult: "0x80004005 (NS_ERROR_FAILURE)"  location: "JS frame :: jar:file:///Applications/Firefox.app/Contents/Resources/browser/omni.ja!/chrome/browser/builtin-addons/search-detection/api.js :: stopListener :: line 189"  data: no]
  Stack:
    stopListener@jar:file:///Applications/Firefox.app/Contents/Resources/browser/omni.ja!/chrome/browser/builtin-addons/search-detection/api.js:189:32

JavaScript error: https://www.google.com/sorry/index?continue=https://www.google.com/search%3Fclient%3Dfirefox-b-d%26q%3Dselenium%2Bblock%2Ballow%2Bnotifcations&q=EgQtCJTPGIPguqEGIjArGAutUFRDRnB-I7X7_GTY2v3a4R_79eTuKXwxXZrb9_a8ic_Da6BjD14rwuL5rcQyAXI, line 1: SyntaxError: expected expression, got ','
console.error: (new TypeError("watcher.browserElement.browsingContext is null", "resource://devtools/server/actors/watcher/target-helpers/frame-helper.js", 193))
Exiting due to channel error.
Exiting due to channel error.
Exiting due to channel error.
Exiting due to channel error.
Exiting due to channel error.
Exiting due to channel error.
Exiting due to channel error.
Exiting due to channel error.
Exiting due to channel error.
Exiting due to channel error.
Exiting due to channel error.
Exiting due to channel error.
Exiting due to channel error.
Exiting due to channel error.
Exiting due to channel error.
Exiting due to channel error.
Exiting due to channel error.
Exiting due to channel error.
Exiting due to channel error.
Exiting due to channel error.
Exiting due to channel error.
Exiting due to channel error.
Exiting due to channel error.
Exiting due to channel error.
Exiting due to channel error.
Exiting due to channel error.
Exiting due to channel error.
Exiting due to channel error.
Exiting due to channel error.
Exiting due to channel error.
Exiting due to channel error.
Exiting due to channel error.
Exiting due to channel error.
Exiting due to channel error.
Exiting due to channel error.
Exiting due to channel error.
Exiting due to channel error.
Exiting due to channel error.
Exiting due to channel error.
Exiting due to channel error.
Exiting due to channel error.
Exiting due to channel error.
Exiting due to channel error.
Exiting due to channel error.
Exiting due to channel error.
Exiting due to channel error.
Exiting due to channel error.
Exiting due to channel error.
Exiting due to channel error.
Exiting due to channel error.
Exiting due to channel error.
Exiting due to channel error.
Exiting due to channel error.
Exiting due to channel error.
Exiting due to channel error.
Exiting due to channel error.
Exiting due to channel error.
Exiting due to channel error.
Exiting due to channel error.
Exiting due to channel error.
Exiting due to channel error.
Exiting due to channel error.
Exiting due to channel error.
Exiting due to channel error.
Exiting due to channel error.
Exiting due to channel error.
Exiting due to channel error.
Exiting due to channel error.
Exiting due to channel error.
Exiting due to channel error.
Exiting due to channel error.
Exiting due to channel error.
Exiting due to channel error.
Exiting due to channel error.
Exiting due to channel error.
Exiting due to channel error.
Exiting due to channel error.
[GFX1-]: Receive IPC close with reason=AbnormalShutdown
Exiting due to channel error.
Exiting due to channel error.
1680781502697	geckodriver	INFO	Listening on 127.0.0.1:61894
1680781503208	mozrunner::runner	INFO	Running command: MOZ_CRASHREPORTER="1" MOZ_CRASHREPORTER_NO_REPORT="1" MOZ_CRASHREPORTER_SHUTDOWN="1" MOZ_NO_REMOTE="1" "/App ... s" "localhost" "-foreground" "-no-remote" "-profile" "/var/folders/qd/ngmwjyp91v380_fwc4ncwy0r0000gn/T/rust_mozprofile7HfDbh"
console.warn: services.settings: Ignoring preference override of remote settings server
console.warn: services.settings: Allow by setting MOZ_REMOTE_SETTINGS_DEVTOOLS=1 in the environment
1680781503572	Marionette	INFO	Marionette enabled
1680781503720	Marionette	INFO	Listening on port 61909
Read port: 61909
console.error: "Warning: unrecognized command line flag -disable-infobars\n"
console.error: "Warning: unrecognized command line flag -disable-extensions\n"
WebDriver BiDi listening on ws://127.0.0.1:61895
1680781503803	RemoteAgent	WARN	TLS certificate errors will be ignored for this session
UNSUPPORTED (log once): POSSIBLE ISSUE: unit 1 GLD_TEXTURE_INDEX_2D is unloadable and bound to sampler type (Float) - using zero texture because texture unloadable
console.warn: SearchSettings: "get: No settings file exists, new profile?" (new NotFoundError("Could not open the file at /var/folders/qd/ngmwjyp91v380_fwc4ncwy0r0000gn/T/rust_mozprofile7HfDbh/search.json.mozlz4", (void 0)))
DevTools listening on ws://127.0.0.1:61895/devtools/browser/a935934b-a55a-4290-9a77-cf22cf7a4423
console.warn: LoginRecipes: "Falling back to a synchronous message for: https://www.reddit.com."
JavaScript warning: https://www.redditstatic.com/accountmanager/ssoOneTap.bba8089e75056ba87ffe.js, line 1: unreachable code after return statement
1680781544265	geckodriver	INFO	Listening on 127.0.0.1:62178
1680781544782	mozrunner::runner	INFO	Running command: MOZ_CRASHREPORTER="1" MOZ_CRASHREPORTER_NO_REPORT="1" MOZ_CRASHREPORTER_SHUTDOWN="1" MOZ_NO_REMOTE="1" "/App ... s" "localhost" "-foreground" "-no-remote" "-profile" "/var/folders/qd/ngmwjyp91v380_fwc4ncwy0r0000gn/T/rust_mozprofilegrqXfj"
console.warn: services.settings: Ignoring preference override of remote settings server
console.warn: services.settings: Allow by setting MOZ_REMOTE_SETTINGS_DEVTOOLS=1 in the environment
1680781545077	Marionette	INFO	Marionette enabled
1680781545213	Marionette	INFO	Listening on port 62189
console.error: "Warning: unrecognized command line flag -disable-infobars\n"
console.error: "Warning: unrecognized command line flag -remote-allow-hosts\n"
WebDriver BiDi listening on ws://127.0.0.1:62179
Read port: 62189
1680781545384	RemoteAgent	WARN	TLS certificate errors will be ignored for this session
UNSUPPORTED (log once): POSSIBLE ISSUE: unit 1 GLD_TEXTURE_INDEX_2D is unloadable and bound to sampler type (Float) - using zero texture because texture unloadable
console.warn: SearchSettings: "get: No settings file exists, new profile?" (new NotFoundError("Could not open the file at /var/folders/qd/ngmwjyp91v380_fwc4ncwy0r0000gn/T/rust_mozprofilegrqXfj/search.json.mozlz4", (void 0)))
DevTools listening on ws://127.0.0.1:62179/devtools/browser/640b209b-0967-470a-a2c5-3918162bab50
console.warn: LoginRecipes: "Falling back to a synchronous message for: https://www.reddit.com."
JavaScript warning: https://www.redditstatic.com/accountmanager/ssoOneTap.bba8089e75056ba87ffe.js, line 1: unreachable code after return statement
1680781636733	Marionette	INFO	Stopped listening on port 61909
console.warn: TopSitesFeed: Failed to fetch data from Contile server: NetworkError when attempting to fetch resource.
1680781638570	Marionette	INFO	Stopped listening on port 62189
console.warn: TopSitesFeed: Failed to fetch data from Contile server: NetworkError when attempting to fetch resource.
1680781664965	geckodriver	INFO	Listening on 127.0.0.1:62826
1680781665482	mozrunner::runner	INFO	Running command: MOZ_CRASHREPORTER="1" MOZ_CRASHREPORTER_NO_REPORT="1" MOZ_CRASHREPORTER_SHUTDOWN="1" MOZ_NO_REMOTE="1" "/App ... s" "localhost" "-foreground" "-no-remote" "-profile" "/var/folders/qd/ngmwjyp91v380_fwc4ncwy0r0000gn/T/rust_mozprofilePbLMeK"
console.warn: services.settings: Ignoring preference override of remote settings server
console.warn: services.settings: Allow by setting MOZ_REMOTE_SETTINGS_DEVTOOLS=1 in the environment
1680781665818	Marionette	INFO	Marionette enabled
1680781665866	Marionette	INFO	Listening on port 62838
console.error: "Warning: unrecognized command line flag -disable-infobars\n"
console.error: "Warning: unrecognized command line flag -remote-allow-hosts\n"
Read port: 62838
WebDriver BiDi listening on ws://127.0.0.1:62827
1680781666030	RemoteAgent	WARN	TLS certificate errors will be ignored for this session
UNSUPPORTED (log once): POSSIBLE ISSUE: unit 1 GLD_TEXTURE_INDEX_2D is unloadable and bound to sampler type (Float) - using zero texture because texture unloadable
console.warn: SearchSettings: "get: No settings file exists, new profile?" (new NotFoundError("Could not open the file at /var/folders/qd/ngmwjyp91v380_fwc4ncwy0r0000gn/T/rust_mozprofilePbLMeK/search.json.mozlz4", (void 0)))
DevTools listening on ws://127.0.0.1:62827/devtools/browser/2ca05641-acbe-40a8-b0b6-83a68431bd88
console.warn: LoginRecipes: "Falling back to a synchronous message for: https://www.reddit.com."
1680781670318	Marionette	INFO	Stopped listening on port 62838
WARNING: A blocker encountered an error while we were waiting.
          Blocker:  Waiting for ping task
          Phase: TelemetryController: Waiting for pending ping activity
          State: (none)
WARNING: Error: Phase "profile-before-change" is finished, it is too late to register completion condition "OS.File: flush I/O queued before profileBeforeChange"
WARNING: addBlocker@resource://gre/modules/AsyncShutdown.sys.mjs:727:15
addBlocker@resource://gre/modules/AsyncShutdown.sys.mjs:523:26
addBlocker@resource://gre/modules/AsyncShutdown.sys.mjs:458:15
setupShutdown@resource://gre/modules/osfile/osfile_async_front.jsm:1548:28
@resource://gre/modules/osfile/osfile_async_front.jsm:1568:16
@resource://gre/modules/osfile.jsm:12:30
@resource://gre/modules/TelemetryStorage.sys.mjs:10:28
_checkPendingPings@resource://gre/modules/TelemetrySend.sys.mjs:863:17
setup@resource://gre/modules/TelemetrySend.sys.mjs:803:18
setup@resource://gre/modules/TelemetrySend.sys.mjs:241:30
setupTelemetry/this._delayedInitTask<@resource://gre/modules/TelemetryControllerParent.sys.mjs:828:36
observe@resource://gre/modules/AsyncShutdown.sys.mjs:576:16

console.error: "TelemetryScheduler.shutdown - Already shut down"
WARNING: A blocker encountered an error while we were waiting.
          Blocker:  Waiting for ping task
          Phase: TelemetryController: Waiting for pending ping activity
          State: (none)
WARNING: Error: Phase "profile-before-change" is finished, it is too late to register completion condition "OS.File: flush I/O queued before profileBeforeChange"
WARNING: addBlocker@resource://gre/modules/AsyncShutdown.sys.mjs:727:15
addBlocker@resource://gre/modules/AsyncShutdown.sys.mjs:523:26
addBlocker@resource://gre/modules/AsyncShutdown.sys.mjs:458:15
setupShutdown@resource://gre/modules/osfile/osfile_async_front.jsm:1548:28
@resource://gre/modules/osfile/osfile_async_front.jsm:1568:16
@resource://gre/modules/osfile.jsm:12:30
@resource://gre/modules/TelemetryStorage.sys.mjs:10:28
_checkPendingPings@resource://gre/modules/TelemetrySend.sys.mjs:863:17
setup@resource://gre/modules/TelemetrySend.sys.mjs:803:18
setup@resource://gre/modules/TelemetrySend.sys.mjs:241:30
setupTelemetry/this._delayedInitTask<@resource://gre/modules/TelemetryControllerParent.sys.mjs:828:36
observe@resource://gre/modules/AsyncShutdown.sys.mjs:576:16

WARNING: A blocker encountered an error while we were waiting.
          Blocker:  Waiting for ping task
          Phase: TelemetryController: Waiting for pending ping activity
          State: (none)
WARNING: Error: Phase "profile-before-change" is finished, it is too late to register completion condition "OS.File: flush I/O queued before profileBeforeChange"
WARNING: addBlocker@resource://gre/modules/AsyncShutdown.sys.mjs:727:15
addBlocker@resource://gre/modules/AsyncShutdown.sys.mjs:523:26
addBlocker@resource://gre/modules/AsyncShutdown.sys.mjs:458:15
setupShutdown@resource://gre/modules/osfile/osfile_async_front.jsm:1548:28
@resource://gre/modules/osfile/osfile_async_front.jsm:1568:16
@resource://gre/modules/osfile.jsm:12:30
@resource://gre/modules/TelemetryStorage.sys.mjs:10:28
_checkPendingPings@resource://gre/modules/TelemetrySend.sys.mjs:863:17
setup@resource://gre/modules/TelemetrySend.sys.mjs:803:18
setup@resource://gre/modules/TelemetrySend.sys.mjs:241:30
setupTelemetry/this._delayedInitTask<@resource://gre/modules/TelemetryControllerParent.sys.mjs:828:36
observe@resource://gre/modules/AsyncShutdown.sys.mjs:576:16

WARNING: A blocker encountered an error while we were waiting.
          Blocker:  TelemetryController: shutting down
          Phase: profile-before-change-telemetry
          State: Error getting state: Error: Phase "profile-before-change" is finished, it is too late to register completion condition "OS.File: flush I/O queued before profileBeforeChange" at addBlocker@resource://gre/modules/AsyncShutdown.sys.mjs:727:15
addBlocker@resource://gre/modules/AsyncShutdown.sys.mjs:523:26
addBlocker@resource://gre/modules/AsyncShutdown.sys.mjs:458:15
setupShutdown@resource://gre/modules/osfile/osfile_async_front.jsm:1548:28
@resource://gre/modules/osfile/osfile_async_front.jsm:1568:16
@resource://gre/modules/osfile.jsm:12:30
@resource://gre/modules/TelemetryStorage.sys.mjs:10:28
_checkPendingPings@resource://gre/modules/TelemetrySend.sys.mjs:863:17
setup@resource://gre/modules/TelemetrySend.sys.mjs:803:18
setup@resource://gre/modules/TelemetrySend.sys.mjs:241:30
setupTelemetry/this._delayedInitTask<@resource://gre/modules/TelemetryControllerParent.sys.mjs:828:36
observe@resource://gre/modules/AsyncShutdown.sys.mjs:576:16

WARNING: Error: Phase "profile-before-change" is finished, it is too late to register completion condition "OS.File: flush I/O queued before profileBeforeChange"
WARNING: addBlocker@resource://gre/modules/AsyncShutdown.sys.mjs:727:15
addBlocker@resource://gre/modules/AsyncShutdown.sys.mjs:523:26
addBlocker@resource://gre/modules/AsyncShutdown.sys.mjs:458:15
setupShutdown@resource://gre/modules/osfile/osfile_async_front.jsm:1548:28
@resource://gre/modules/osfile/osfile_async_front.jsm:1568:16
@resource://gre/modules/osfile.jsm:12:30
@resource://gre/modules/TelemetryStorage.sys.mjs:10:28
_checkPendingPings@resource://gre/modules/TelemetrySend.sys.mjs:863:17
setup@resource://gre/modules/TelemetrySend.sys.mjs:803:18
setup@resource://gre/modules/TelemetrySend.sys.mjs:241:30
setupTelemetry/this._delayedInitTask<@resource://gre/modules/TelemetryControllerParent.sys.mjs:828:36
observe@resource://gre/modules/AsyncShutdown.sys.mjs:576:16

JavaScript error: resource://gre/modules/AsyncShutdown.sys.mjs, line 727: Error: Phase "profile-before-change" is finished, it is too late to register completion condition "OS.File: flush I/O queued before profileBeforeChange"
JavaScript error: resource://gre/modules/AsyncShutdown.sys.mjs, line 727: Error: Phase "profile-before-change" is finished, it is too late to register completion condition "OS.File: flush I/O queued before profileBeforeChange"
JavaScript error: resource://gre/modules/AsyncShutdown.sys.mjs, line 727: Error: Phase "profile-before-change" is finished, it is too late to register completion condition "OS.File: flush I/O queued before profileBeforeChange"
JavaScript error: resource://gre/modules/AsyncShutdown.sys.mjs, line 727: Error: Phase "profile-before-change" is finished, it is too late to register completion condition "OS.File: flush I/O queued before profileBeforeChange"
JavaScript error: resource://gre/modules/AsyncShutdown.sys.mjs, line 727: Error: Phase "profile-before-change" is finished, it is too late to register completion condition "OS.File: flush I/O queued before profileBeforeChange"
JavaScript error: resource://gre/modules/AsyncShutdown.sys.mjs, line 727: Error: Phase "profile-before-change" is finished, it is too late to register completion condition "OS.File: flush I/O queued before profileBeforeChange"
1680781696882	geckodriver	INFO	Listening on 127.0.0.1:63044
1680781697399	mozrunner::runner	INFO	Running command: MOZ_CRASHREPORTER="1" MOZ_CRASHREPORTER_NO_REPORT="1" MOZ_CRASHREPORTER_SHUTDOWN="1" MOZ_NO_REMOTE="1" "/App ... s" "localhost" "-foreground" "-no-remote" "-profile" "/var/folders/qd/ngmwjyp91v380_fwc4ncwy0r0000gn/T/rust_mozprofilekfDyGr"
console.warn: services.settings: Ignoring preference override of remote settings server
console.warn: services.settings: Allow by setting MOZ_REMOTE_SETTINGS_DEVTOOLS=1 in the environment
1680781697714	Marionette	INFO	Marionette enabled
1680781697852	Marionette	INFO	Listening on port 63054
console.error: "Warning: unrecognized command line flag -disable-infobars\n"
console.error: "Warning: unrecognized command line flag -remote-allow-hosts\n"
WebDriver BiDi listening on ws://127.0.0.1:63045
Read port: 63054
1680781698023	RemoteAgent	WARN	TLS certificate errors will be ignored for this session
UNSUPPORTED (log once): POSSIBLE ISSUE: unit 1 GLD_TEXTURE_INDEX_2D is unloadable and bound to sampler type (Float) - using zero texture because texture unloadable
console.warn: SearchSettings: "get: No settings file exists, new profile?" (new NotFoundError("Could not open the file at /var/folders/qd/ngmwjyp91v380_fwc4ncwy0r0000gn/T/rust_mozprofilekfDyGr/search.json.mozlz4", (void 0)))
DevTools listening on ws://127.0.0.1:63045/devtools/browser/cd37dcb5-1c51-49af-a7bf-52d18cd8db48
console.warn: LoginRecipes: "Falling back to a synchronous message for: https://www.reddit.com."
JavaScript warning: https://www.redditstatic.com/accountmanager/ssoOneTap.bba8089e75056ba87ffe.js, line 1: unreachable code after return statement
1680782022627	geckodriver	INFO	Listening on 127.0.0.1:64568
1680782023141	mozrunner::runner	INFO	Running command: MOZ_CRASHREPORTER="1" MOZ_CRASHREPORTER_NO_REPORT="1" MOZ_CRASHREPORTER_SHUTDOWN="1" MOZ_NO_REMOTE="1" "/App ... s" "localhost" "-foreground" "-no-remote" "-profile" "/var/folders/qd/ngmwjyp91v380_fwc4ncwy0r0000gn/T/rust_mozprofile7lCdUl"
console.warn: services.settings: Ignoring preference override of remote settings server
console.warn: services.settings: Allow by setting MOZ_REMOTE_SETTINGS_DEVTOOLS=1 in the environment
1680782023422	Marionette	INFO	Marionette enabled
1680782023558	Marionette	INFO	Listening on port 64580
console.error: "Warning: unrecognized command line flag -remote-allow-hosts\n"
WebDriver BiDi listening on ws://127.0.0.1:64569
Read port: 64580
1680782023728	RemoteAgent	WARN	TLS certificate errors will be ignored for this session
UNSUPPORTED (log once): POSSIBLE ISSUE: unit 1 GLD_TEXTURE_INDEX_2D is unloadable and bound to sampler type (Float) - using zero texture because texture unloadable
console.warn: SearchSettings: "get: No settings file exists, new profile?" (new NotFoundError("Could not open the file at /var/folders/qd/ngmwjyp91v380_fwc4ncwy0r0000gn/T/rust_mozprofile7lCdUl/search.json.mozlz4", (void 0)))
DevTools listening on ws://127.0.0.1:64569/devtools/browser/765d9ae6-9062-431f-9d75-7470120cf87b
console.warn: LoginRecipes: "Falling back to a synchronous message for: https://www.reddit.com."
JavaScript warning: https://www.redditstatic.com/accountmanager/ssoOneTap.bba8089e75056ba87ffe.js, line 1: unreachable code after return statement
1680782069621	Marionette	INFO	Stopped listening on port 64580
JavaScript error: resource:///actors/LightweightThemeChild.jsm, line 35: TypeError: this.browsingContext.topChromeWindow is null
WARNING: A blocker encountered an error while we were waiting.
          Blocker:  Waiting for ping task
          Phase: TelemetryController: Waiting for pending ping activity
          State: (none)
WARNING: Error: Phase "profile-before-change" is finished, it is too late to register completion condition "OS.File: flush I/O queued before profileBeforeChange"
WARNING: addBlocker@resource://gre/modules/AsyncShutdown.sys.mjs:727:15
addBlocker@resource://gre/modules/AsyncShutdown.sys.mjs:523:26
addBlocker@resource://gre/modules/AsyncShutdown.sys.mjs:458:15
setupShutdown@resource://gre/modules/osfile/osfile_async_front.jsm:1548:28
@resource://gre/modules/osfile/osfile_async_front.jsm:1568:16
@resource://gre/modules/osfile.jsm:12:30
@resource://gre/modules/TelemetryStorage.sys.mjs:10:28
_checkPendingPings@resource://gre/modules/TelemetrySend.sys.mjs:863:17
setup@resource://gre/modules/TelemetrySend.sys.mjs:803:18
setup@resource://gre/modules/TelemetrySend.sys.mjs:241:30
setupTelemetry/this._delayedInitTask<@resource://gre/modules/TelemetryControllerParent.sys.mjs:828:36
observe@resource://gre/modules/AsyncShutdown.sys.mjs:576:16

console.error: "TelemetryScheduler.shutdown - Already shut down"
WARNING: A blocker encountered an error while we were waiting.
          Blocker:  Waiting for ping task
          Phase: TelemetryController: Waiting for pending ping activity
          State: (none)
WARNING: Error: Phase "profile-before-change" is finished, it is too late to register completion condition "OS.File: flush I/O queued before profileBeforeChange"
WARNING: addBlocker@resource://gre/modules/AsyncShutdown.sys.mjs:727:15
addBlocker@resource://gre/modules/AsyncShutdown.sys.mjs:523:26
addBlocker@resource://gre/modules/AsyncShutdown.sys.mjs:458:15
setupShutdown@resource://gre/modules/osfile/osfile_async_front.jsm:1548:28
@resource://gre/modules/osfile/osfile_async_front.jsm:1568:16
@resource://gre/modules/osfile.jsm:12:30
@resource://gre/modules/TelemetryStorage.sys.mjs:10:28
_checkPendingPings@resource://gre/modules/TelemetrySend.sys.mjs:863:17
setup@resource://gre/modules/TelemetrySend.sys.mjs:803:18
setup@resource://gre/modules/TelemetrySend.sys.mjs:241:30
setupTelemetry/this._delayedInitTask<@resource://gre/modules/TelemetryControllerParent.sys.mjs:828:36
observe@resource://gre/modules/AsyncShutdown.sys.mjs:576:16

WARNING: A blocker encountered an error while we were waiting.
          Blocker:  Waiting for ping task
          Phase: TelemetryController: Waiting for pending ping activity
          State: (none)
WARNING: Error: Phase "profile-before-change" is finished, it is too late to register completion condition "OS.File: flush I/O queued before profileBeforeChange"
WARNING: addBlocker@resource://gre/modules/AsyncShutdown.sys.mjs:727:15
addBlocker@resource://gre/modules/AsyncShutdown.sys.mjs:523:26
addBlocker@resource://gre/modules/AsyncShutdown.sys.mjs:458:15
setupShutdown@resource://gre/modules/osfile/osfile_async_front.jsm:1548:28
@resource://gre/modules/osfile/osfile_async_front.jsm:1568:16
@resource://gre/modules/osfile.jsm:12:30
@resource://gre/modules/TelemetryStorage.sys.mjs:10:28
_checkPendingPings@resource://gre/modules/TelemetrySend.sys.mjs:863:17
setup@resource://gre/modules/TelemetrySend.sys.mjs:803:18
setup@resource://gre/modules/TelemetrySend.sys.mjs:241:30
setupTelemetry/this._delayedInitTask<@resource://gre/modules/TelemetryControllerParent.sys.mjs:828:36
observe@resource://gre/modules/AsyncShutdown.sys.mjs:576:16

WARNING: A blocker encountered an error while we were waiting.
          Blocker:  TelemetryController: shutting down
          Phase: profile-before-change-telemetry
          State: Error getting state: Error: Phase "profile-before-change" is finished, it is too late to register completion condition "OS.File: flush I/O queued before profileBeforeChange" at addBlocker@resource://gre/modules/AsyncShutdown.sys.mjs:727:15
addBlocker@resource://gre/modules/AsyncShutdown.sys.mjs:523:26
addBlocker@resource://gre/modules/AsyncShutdown.sys.mjs:458:15
setupShutdown@resource://gre/modules/osfile/osfile_async_front.jsm:1548:28
@resource://gre/modules/osfile/osfile_async_front.jsm:1568:16
@resource://gre/modules/osfile.jsm:12:30
@resource://gre/modules/TelemetryStorage.sys.mjs:10:28
_checkPendingPings@resource://gre/modules/TelemetrySend.sys.mjs:863:17
setup@resource://gre/modules/TelemetrySend.sys.mjs:803:18
setup@resource://gre/modules/TelemetrySend.sys.mjs:241:30
setupTelemetry/this._delayedInitTask<@resource://gre/modules/TelemetryControllerParent.sys.mjs:828:36
observe@resource://gre/modules/AsyncShutdown.sys.mjs:576:16

WARNING: Error: Phase "profile-before-change" is finished, it is too late to register completion condition "OS.File: flush I/O queued before profileBeforeChange"
WARNING: addBlocker@resource://gre/modules/AsyncShutdown.sys.mjs:727:15
addBlocker@resource://gre/modules/AsyncShutdown.sys.mjs:523:26
addBlocker@resource://gre/modules/AsyncShutdown.sys.mjs:458:15
setupShutdown@resource://gre/modules/osfile/osfile_async_front.jsm:1548:28
@resource://gre/modules/osfile/osfile_async_front.jsm:1568:16
@resource://gre/modules/osfile.jsm:12:30
@resource://gre/modules/TelemetryStorage.sys.mjs:10:28
_checkPendingPings@resource://gre/modules/TelemetrySend.sys.mjs:863:17
setup@resource://gre/modules/TelemetrySend.sys.mjs:803:18
setup@resource://gre/modules/TelemetrySend.sys.mjs:241:30
setupTelemetry/this._delayedInitTask<@resource://gre/modules/TelemetryControllerParent.sys.mjs:828:36
observe@resource://gre/modules/AsyncShutdown.sys.mjs:576:16

JavaScript error: resource://gre/modules/AsyncShutdown.sys.mjs, line 727: Error: Phase "profile-before-change" is finished, it is too late to register completion condition "OS.File: flush I/O queued before profileBeforeChange"
JavaScript error: resource://gre/modules/AsyncShutdown.sys.mjs, line 727: Error: Phase "profile-before-change" is finished, it is too late to register completion condition "OS.File: flush I/O queued before profileBeforeChange"
JavaScript error: resource://gre/modules/AsyncShutdown.sys.mjs, line 727: Error: Phase "profile-before-change" is finished, it is too late to register completion condition "OS.File: flush I/O queued before profileBeforeChange"
JavaScript error: resource://gre/modules/AsyncShutdown.sys.mjs, line 727: Error: Phase "profile-before-change" is finished, it is too late to register completion condition "OS.File: flush I/O queued before profileBeforeChange"
JavaScript error: resource://gre/modules/AsyncShutdown.sys.mjs, line 727: Error: Phase "profile-before-change" is finished, it is too late to register completion condition "OS.File: flush I/O queued before profileBeforeChange"
JavaScript error: resource://gre/modules/AsyncShutdown.sys.mjs, line 727: Error: Phase "profile-before-change" is finished, it is too late to register completion condition "OS.File: flush I/O queued before profileBeforeChange"
1680782072458	Marionette	INFO	Stopped listening on port 63054
console.warn: TopSitesFeed: Failed to fetch data from Contile server: NetworkError when attempting to fetch resource.
1680782076101	geckodriver	INFO	Listening on 127.0.0.1:64889
1680782076623	mozrunner::runner	INFO	Running command: MOZ_CRASHREPORTER="1" MOZ_CRASHREPORTER_NO_REPORT="1" MOZ_CRASHREPORTER_SHUTDOWN="1" MOZ_NO_REMOTE="1" "/App ... s" "localhost" "-foreground" "-no-remote" "-profile" "/var/folders/qd/ngmwjyp91v380_fwc4ncwy0r0000gn/T/rust_mozprofileJo1dvN"
console.warn: services.settings: Ignoring preference override of remote settings server
console.warn: services.settings: Allow by setting MOZ_REMOTE_SETTINGS_DEVTOOLS=1 in the environment
1680782076951	Marionette	INFO	Marionette enabled
1680782077090	Marionette	INFO	Listening on port 64901
console.error: "Warning: unrecognized command line flag -remote-allow-hosts\n"
WebDriver BiDi listening on ws://127.0.0.1:64890
Read port: 64901
1680782077258	RemoteAgent	WARN	TLS certificate errors will be ignored for this session
UNSUPPORTED (log once): POSSIBLE ISSUE: unit 1 GLD_TEXTURE_INDEX_2D is unloadable and bound to sampler type (Float) - using zero texture because texture unloadable
console.warn: SearchSettings: "get: No settings file exists, new profile?" (new NotFoundError("Could not open the file at /var/folders/qd/ngmwjyp91v380_fwc4ncwy0r0000gn/T/rust_mozprofileJo1dvN/search.json.mozlz4", (void 0)))
DevTools listening on ws://127.0.0.1:64890/devtools/browser/3745a775-0060-424a-a3bf-687df96624a7
console.warn: LoginRecipes: "Falling back to a synchronous message for: https://www.reddit.com."
JavaScript warning: https://www.redditstatic.com/accountmanager/ssoOneTap.bba8089e75056ba87ffe.js, line 1: unreachable code after return statement
console.error: (new TypeError("parent is null", "resource://devtools/client/inspector/shared/style-change-tracker.js", 67))
TypeError: parent is null: canMutationImpactCurrentStyles@resource://devtools/client/inspector/shared/style-change-tracker.js:67:24
onMutations@resource://devtools/client/inspector/shared/style-change-tracker.js:84:41
_emit@resource://devtools/shared/event-emitter.js:242:32
emit@resource://devtools/shared/event-emitter.js:186:18
emit@resource://devtools/shared/event-emitter.js:330:18
getMutations@resource://devtools/client/fronts/walker.js:313:10

console.error: (new TypeError("container.node.targetFront is null", "resource://devtools/client/inspector/markup/markup.js", 2397))
console.warn: "Listener for event 'frame' did not return a promise."
console.warn: "Listener for event 'frame' did not return a promise."
JavaScript warning: https://www.redditstatic.com/accountmanager/ssoOneTap.bba8089e75056ba87ffe.js, line 1: unreachable code after return statement
console.warn: "Listener for event 'frame' did not return a promise."
1680782189281	geckodriver	INFO	Listening on 127.0.0.1:65472
1680782189822	mozrunner::runner	INFO	Running command: MOZ_CRASHREPORTER="1" MOZ_CRASHREPORTER_NO_REPORT="1" MOZ_CRASHREPORTER_SHUTDOWN="1" MOZ_NO_REMOTE="1" "/App ... s" "localhost" "-foreground" "-no-remote" "-profile" "/var/folders/qd/ngmwjyp91v380_fwc4ncwy0r0000gn/T/rust_mozprofilei9Ei9r"
console.warn: services.settings: Ignoring preference override of remote settings server
console.warn: services.settings: Allow by setting MOZ_REMOTE_SETTINGS_DEVTOOLS=1 in the environment
1680782190117	Marionette	INFO	Marionette enabled
1680782190253	Marionette	INFO	Listening on port 65484
console.error: "Warning: unrecognized command line flag -remote-allow-hosts\n"
WebDriver BiDi listening on ws://127.0.0.1:65473
Read port: 65484
1680782190418	RemoteAgent	WARN	TLS certificate errors will be ignored for this session
UNSUPPORTED (log once): POSSIBLE ISSUE: unit 1 GLD_TEXTURE_INDEX_2D is unloadable and bound to sampler type (Float) - using zero texture because texture unloadable
console.warn: SearchSettings: "get: No settings file exists, new profile?" (new NotFoundError("Could not open the file at /var/folders/qd/ngmwjyp91v380_fwc4ncwy0r0000gn/T/rust_mozprofilei9Ei9r/search.json.mozlz4", (void 0)))
DevTools listening on ws://127.0.0.1:65473/devtools/browser/97aa150f-c630-4dc6-8d3d-d69222768d04
console.warn: LoginRecipes: "Falling back to a synchronous message for: https://www.reddit.com."
JavaScript warning: https://www.redditstatic.com/accountmanager/ssoOneTap.bba8089e75056ba87ffe.js, line 1: unreachable code after return statement
1680782208691	geckodriver	INFO	Listening on 127.0.0.1:49255
1680782209209	mozrunner::runner	INFO	Running command: MOZ_CRASHREPORTER="1" MOZ_CRASHREPORTER_NO_REPORT="1" MOZ_CRASHREPORTER_SHUTDOWN="1" MOZ_NO_REMOTE="1" "/App ... s" "localhost" "-foreground" "-no-remote" "-profile" "/var/folders/qd/ngmwjyp91v380_fwc4ncwy0r0000gn/T/rust_mozprofilezvin1h"
console.warn: services.settings: Ignoring preference override of remote settings server
console.warn: services.settings: Allow by setting MOZ_REMOTE_SETTINGS_DEVTOOLS=1 in the environment
1680782209557	Marionette	INFO	Marionette enabled
1680782209597	Marionette	INFO	Listening on port 49265
console.error: "Warning: unrecognized command line flag -remote-allow-hosts\n"
Read port: 49265
WebDriver BiDi listening on ws://127.0.0.1:49256
1680782209705	RemoteAgent	WARN	TLS certificate errors will be ignored for this session
UNSUPPORTED (log once): POSSIBLE ISSUE: unit 1 GLD_TEXTURE_INDEX_2D is unloadable and bound to sampler type (Float) - using zero texture because texture unloadable
console.warn: SearchSettings: "get: No settings file exists, new profile?" (new NotFoundError("Could not open the file at /var/folders/qd/ngmwjyp91v380_fwc4ncwy0r0000gn/T/rust_mozprofilezvin1h/search.json.mozlz4", (void 0)))
DevTools listening on ws://127.0.0.1:49256/devtools/browser/d6c961ae-662c-429a-b27c-50445481a426
JavaScript warning: https://www.redditstatic.com/accountmanager/ssoOneTap.bba8089e75056ba87ffe.js, line 1: unreachable code after return statement
console.warn: services.settings: Ignoring preference override of remote settings server
console.warn: services.settings: Allow by setting MOZ_REMOTE_SETTINGS_DEVTOOLS=1 in the environment
console.error: (new TypeError("lazy.AsyncShutdown.profileBeforeChange is undefined", "resource://services-settings/Database.jsm", 603))
1680782229099	geckodriver	INFO	Listening on 127.0.0.1:49408
1680782229620	mozrunner::runner	INFO	Running command: MOZ_CRASHREPORTER="1" MOZ_CRASHREPORTER_NO_REPORT="1" MOZ_CRASHREPORTER_SHUTDOWN="1" MOZ_NO_REMOTE="1" "/App ... s" "localhost" "-foreground" "-no-remote" "-profile" "/var/folders/qd/ngmwjyp91v380_fwc4ncwy0r0000gn/T/rust_mozprofiledCLdrQ"
console.warn: services.settings: Ignoring preference override of remote settings server
console.warn: services.settings: Allow by setting MOZ_REMOTE_SETTINGS_DEVTOOLS=1 in the environment
1680782229956	Marionette	INFO	Marionette enabled
1680782230096	Marionette	INFO	Listening on port 49418
console.error: "Warning: unrecognized command line flag -remote-allow-hosts\n"
WebDriver BiDi listening on ws://127.0.0.1:49409
Read port: 49418
1680782230215	RemoteAgent	WARN	TLS certificate errors will be ignored for this session
UNSUPPORTED (log once): POSSIBLE ISSUE: unit 1 GLD_TEXTURE_INDEX_2D is unloadable and bound to sampler type (Float) - using zero texture because texture unloadable
console.warn: SearchSettings: "get: No settings file exists, new profile?" (new NotFoundError("Could not open the file at /var/folders/qd/ngmwjyp91v380_fwc4ncwy0r0000gn/T/rust_mozprofiledCLdrQ/search.json.mozlz4", (void 0)))
DevTools listening on ws://127.0.0.1:49409/devtools/browser/663b7731-33e1-4653-adc5-5e973f12b8c9
console.warn: LoginRecipes: "Falling back to a synchronous message for: https://www.reddit.com."
JavaScript warning: https://www.redditstatic.com/accountmanager/ssoOneTap.bba8089e75056ba87ffe.js, line 1: unreachable code after return statement
1680782259946	Marionette	INFO	Stopped listening on port 49418
WARNING: A blocker encountered an error while we were waiting.
          Blocker:  Waiting for ping task
          Phase: TelemetryController: Waiting for pending ping activity
          State: (none)
WARNING: Error: Phase "profile-before-change" is finished, it is too late to register completion condition "OS.File: flush I/O queued before profileBeforeChange"
WARNING: addBlocker@resource://gre/modules/AsyncShutdown.sys.mjs:727:15
addBlocker@resource://gre/modules/AsyncShutdown.sys.mjs:523:26
addBlocker@resource://gre/modules/AsyncShutdown.sys.mjs:458:15
setupShutdown@resource://gre/modules/osfile/osfile_async_front.jsm:1548:28
@resource://gre/modules/osfile/osfile_async_front.jsm:1568:16
@resource://gre/modules/osfile.jsm:12:30
@resource://gre/modules/TelemetryStorage.sys.mjs:10:28
_checkPendingPings@resource://gre/modules/TelemetrySend.sys.mjs:863:17
setup@resource://gre/modules/TelemetrySend.sys.mjs:803:18
setup@resource://gre/modules/TelemetrySend.sys.mjs:241:30
setupTelemetry/this._delayedInitTask<@resource://gre/modules/TelemetryControllerParent.sys.mjs:828:36
observe@resource://gre/modules/AsyncShutdown.sys.mjs:576:16

console.error: "TelemetryScheduler.shutdown - Already shut down"
WARNING: A blocker encountered an error while we were waiting.
          Blocker:  Waiting for ping task
          Phase: TelemetryController: Waiting for pending ping activity
          State: (none)
WARNING: Error: Phase "profile-before-change" is finished, it is too late to register completion condition "OS.File: flush I/O queued before profileBeforeChange"
WARNING: addBlocker@resource://gre/modules/AsyncShutdown.sys.mjs:727:15
addBlocker@resource://gre/modules/AsyncShutdown.sys.mjs:523:26
addBlocker@resource://gre/modules/AsyncShutdown.sys.mjs:458:15
setupShutdown@resource://gre/modules/osfile/osfile_async_front.jsm:1548:28
@resource://gre/modules/osfile/osfile_async_front.jsm:1568:16
@resource://gre/modules/osfile.jsm:12:30
@resource://gre/modules/TelemetryStorage.sys.mjs:10:28
_checkPendingPings@resource://gre/modules/TelemetrySend.sys.mjs:863:17
setup@resource://gre/modules/TelemetrySend.sys.mjs:803:18
setup@resource://gre/modules/TelemetrySend.sys.mjs:241:30
setupTelemetry/this._delayedInitTask<@resource://gre/modules/TelemetryControllerParent.sys.mjs:828:36
observe@resource://gre/modules/AsyncShutdown.sys.mjs:576:16

WARNING: A blocker encountered an error while we were waiting.
          Blocker:  Waiting for ping task
          Phase: TelemetryController: Waiting for pending ping activity
          State: (none)
WARNING: Error: Phase "profile-before-change" is finished, it is too late to register completion condition "OS.File: flush I/O queued before profileBeforeChange"
WARNING: addBlocker@resource://gre/modules/AsyncShutdown.sys.mjs:727:15
addBlocker@resource://gre/modules/AsyncShutdown.sys.mjs:523:26
addBlocker@resource://gre/modules/AsyncShutdown.sys.mjs:458:15
setupShutdown@resource://gre/modules/osfile/osfile_async_front.jsm:1548:28
@resource://gre/modules/osfile/osfile_async_front.jsm:1568:16
@resource://gre/modules/osfile.jsm:12:30
@resource://gre/modules/TelemetryStorage.sys.mjs:10:28
_checkPendingPings@resource://gre/modules/TelemetrySend.sys.mjs:863:17
setup@resource://gre/modules/TelemetrySend.sys.mjs:803:18
setup@resource://gre/modules/TelemetrySend.sys.mjs:241:30
setupTelemetry/this._delayedInitTask<@resource://gre/modules/TelemetryControllerParent.sys.mjs:828:36
observe@resource://gre/modules/AsyncShutdown.sys.mjs:576:16

WARNING: A blocker encountered an error while we were waiting.
          Blocker:  TelemetryController: shutting down
          Phase: profile-before-change-telemetry
          State: Error getting state: Error: Phase "profile-before-change" is finished, it is too late to register completion condition "OS.File: flush I/O queued before profileBeforeChange" at addBlocker@resource://gre/modules/AsyncShutdown.sys.mjs:727:15
addBlocker@resource://gre/modules/AsyncShutdown.sys.mjs:523:26
addBlocker@resource://gre/modules/AsyncShutdown.sys.mjs:458:15
setupShutdown@resource://gre/modules/osfile/osfile_async_front.jsm:1548:28
@resource://gre/modules/osfile/osfile_async_front.jsm:1568:16
@resource://gre/modules/osfile.jsm:12:30
@resource://gre/modules/TelemetryStorage.sys.mjs:10:28
_checkPendingPings@resource://gre/modules/TelemetrySend.sys.mjs:863:17
setup@resource://gre/modules/TelemetrySend.sys.mjs:803:18
setup@resource://gre/modules/TelemetrySend.sys.mjs:241:30
setupTelemetry/this._delayedInitTask<@resource://gre/modules/TelemetryControllerParent.sys.mjs:828:36
observe@resource://gre/modules/AsyncShutdown.sys.mjs:576:16

WARNING: Error: Phase "profile-before-change" is finished, it is too late to register completion condition "OS.File: flush I/O queued before profileBeforeChange"
WARNING: addBlocker@resource://gre/modules/AsyncShutdown.sys.mjs:727:15
addBlocker@resource://gre/modules/AsyncShutdown.sys.mjs:523:26
addBlocker@resource://gre/modules/AsyncShutdown.sys.mjs:458:15
setupShutdown@resource://gre/modules/osfile/osfile_async_front.jsm:1548:28
@resource://gre/modules/osfile/osfile_async_front.jsm:1568:16
@resource://gre/modules/osfile.jsm:12:30
@resource://gre/modules/TelemetryStorage.sys.mjs:10:28
_checkPendingPings@resource://gre/modules/TelemetrySend.sys.mjs:863:17
setup@resource://gre/modules/TelemetrySend.sys.mjs:803:18
setup@resource://gre/modules/TelemetrySend.sys.mjs:241:30
setupTelemetry/this._delayedInitTask<@resource://gre/modules/TelemetryControllerParent.sys.mjs:828:36
observe@resource://gre/modules/AsyncShutdown.sys.mjs:576:16

JavaScript error: resource://gre/modules/AsyncShutdown.sys.mjs, line 727: Error: Phase "profile-before-change" is finished, it is too late to register completion condition "OS.File: flush I/O queued before profileBeforeChange"
JavaScript error: resource://gre/modules/AsyncShutdown.sys.mjs, line 727: Error: Phase "profile-before-change" is finished, it is too late to register completion condition "OS.File: flush I/O queued before profileBeforeChange"
JavaScript error: resource://gre/modules/AsyncShutdown.sys.mjs, line 727: Error: Phase "profile-before-change" is finished, it is too late to register completion condition "OS.File: flush I/O queued before profileBeforeChange"
JavaScript error: resource://gre/modules/AsyncShutdown.sys.mjs, line 727: Error: Phase "profile-before-change" is finished, it is too late to register completion condition "OS.File: flush I/O queued before profileBeforeChange"
JavaScript error: resource://gre/modules/AsyncShutdown.sys.mjs, line 727: Error: Phase "profile-before-change" is finished, it is too late to register completion condition "OS.File: flush I/O queued before profileBeforeChange"
JavaScript error: resource://gre/modules/AsyncShutdown.sys.mjs, line 727: Error: Phase "profile-before-change" is finished, it is too late to register completion condition "OS.File: flush I/O queued before profileBeforeChange"
1680782275465	Marionette	INFO	Stopped listening on port 49265
1680782276442	Marionette	INFO	Stopped listening on port 65484
1680782277342	Marionette	INFO	Stopped listening on port 64901
JavaScript error: , line 0: NotFoundError: No such JSWindowActor 'DevToolsFrame'
JavaScript error: , line 0: NotFoundError: No such JSWindowActor 'DevToolsFrame'
JavaScript error: , line 0: NotFoundError: No such JSWindowActor 'DevToolsFrame'
JavaScript error: , line 0: NotFoundError: No such JSWindowActor 'DevToolsFrame'
JavaScript error: , line 0: NotFoundError: No such JSWindowActor 'DevToolsFrame'
JavaScript error: , line 0: NotFoundError: No such JSWindowActor 'DevToolsFrame'
